#
# There is insufficient memory for the Java Runtime Environment to continue.
# Native memory allocation (malloc) failed to allocate 530224 bytes for Chunk::new
# Possible reasons:
#   The system is out of physical RAM or swap space
#   The process is running with CompressedOops enabled, and the Java Heap may be blocking the growth of the native heap
# Possible solutions:
#   Reduce memory load on the system
#   Increase physical memory or swap space
#   Check if swap backing store is full
#   Decrease Java heap size (-Xmx/-Xms)
#   Decrease number of Java threads
#   Decrease Java thread stack sizes (-Xss)
#   Set larger code cache with -XX:ReservedCodeCacheSize=
#   JVM is running with Unscaled Compressed Oops mode in which the Java heap is
#     placed in the first 4GB address space. The Java Heap base address is the
#     maximum limit for the native heap growth. Please use -XX:HeapBaseMinAddress
#     to set the Java Heap base and to place the Java Heap above 4GB virtual address.
# This output file may be truncated or incomplete.
#
#  Out of Memory Error (allocation.cpp:389), pid=4580, tid=0x0000000000001dd4
#
# JRE version: OpenJDK Runtime Environment (8.0_242-b01) (build 1.8.0_242-release-1644-b01)
# Java VM: OpenJDK 64-Bit Server VM (25.242-b01 mixed mode windows-amd64 compressed oops)
# Failed to write core dump. Minidumps are not enabled by default on client versions of Windows
#

---------------  T H R E A D  ---------------

Current thread (0x0000000015397800):  JavaThread "C2 CompilerThread1" daemon [_thread_in_native, id=7636, stack(0x0000000016ae0000,0x0000000016be0000)]

Stack: [0x0000000016ae0000,0x0000000016be0000]
[error occurred during error reporting (printing stack bounds), id 0xc0000005]

Native frames: (J=compiled Java code, j=interpreted, Vv=VM code, C=native code)


Current CompileTask:
C2:   8184 3131       4       org.jetbrains.org.objectweb.asm.ClassReader::readMethod (1047 bytes)


---------------  P R O C E S S  ---------------

Java Threads: ( => current thread )
  0x0000000016c4e000 JavaThread "Service Thread" daemon [_thread_blocked, id=15632, stack(0x00000000170e0000,0x00000000171e0000)]
  0x00000000153ee800 JavaThread "C1 CompilerThread2" daemon [_thread_blocked, id=11520, stack(0x0000000016fe0000,0x00000000170e0000)]
=>0x0000000015397800 JavaThread "C2 CompilerThread1" daemon [_thread_in_native, id=7636, stack(0x0000000016ae0000,0x0000000016be0000)]
  0x0000000015394800 JavaThread "C2 CompilerThread0" daemon [_thread_in_native, id=12900, stack(0x00000000169e0000,0x0000000016ae0000)]
  0x0000000015393000 JavaThread "Attach Listener" daemon [_thread_blocked, id=16364, stack(0x00000000168e0000,0x00000000169e0000)]
  0x00000000153e3800 JavaThread "Signal Dispatcher" daemon [_thread_blocked, id=4244, stack(0x00000000167e0000,0x00000000168e0000)]
  0x00000000031eb800 JavaThread "Finalizer" daemon [_thread_blocked, id=13948, stack(0x00000000165e0000,0x00000000166e0000)]
  0x0000000015378800 JavaThread "Reference Handler" daemon [_thread_blocked, id=9916, stack(0x00000000164e0000,0x00000000165e0000)]
  0x00000000030ee000 JavaThread "main" [_thread_in_native, id=15044, stack(0x0000000002f20000,0x0000000003020000)]

Other Threads:
  0x0000000015355800 VMThread [stack: 0x00000000163e0000,0x00000000164e0000] [id=10092]
  0x0000000016c4f000 WatcherThread [stack: 0x00000000171e0000,0x00000000172e0000] [id=3788]

VM state:not at safepoint (normal execution)

VM Mutex/Monitor currently owned by a thread: None

heap address: 0x00000000c8e00000, size: 882 MB, Compressed Oops mode: 32-bit
Narrow klass base: 0x0000000000000000, Narrow klass shift: 3
Compressed class space size: 1073741824 Address: 0x0000000100000000

Heap:
 PSYoungGen      total 98304K, used 61764K [0x00000000eda00000, 0x00000000f4b00000, 0x0000000100000000)
  eden space 80896K, 76% used [0x00000000eda00000,0x00000000f16513a8,0x00000000f2900000)
  from space 17408K, 0% used [0x00000000f3a00000,0x00000000f3a00000,0x00000000f4b00000)
  to   space 17408K, 0% used [0x00000000f2900000,0x00000000f2900000,0x00000000f3a00000)
 ParOldGen       total 85504K, used 26231K [0x00000000c8e00000, 0x00000000ce180000, 0x00000000eda00000)
  object space 85504K, 30% used [0x00000000c8e00000,0x00000000ca79de68,0x00000000ce180000)
 Metaspace       used 40037K, capacity 40741K, committed 41088K, reserved 1085440K
  class space    used 5020K, capacity 5222K, committed 5248K, reserved 1048576K

Card table byte_map: [0x00000000125b0000,0x0000000012770000] byte_map_base: 0x0000000011f69000

Marking Bits: (ParMarkBitMap*) 0x000000006db0f030
 Begin Bits: [0x0000000012ca0000, 0x0000000013a68000)
 End Bits:   [0x0000000013a68000, 0x0000000014830000)

Polling page: 0x0000000002e50000

CodeCache: size=245760Kb used=10702Kb max_used=10719Kb free=235057Kb
 bounds [0x00000000031f0000, 0x0000000003c80000, 0x00000000121f0000]
 total_blobs=3624 nmethods=3142 adapters=396
 compilation: enabled

Compilation events (10 events):
Event: 8.120 Thread 0x00000000153ee800 3139       1       org.jetbrains.kotlin.metadata.ProtoBuf$TypeTable::getDefaultInstance (4 bytes)
Event: 8.120 Thread 0x00000000153ee800 nmethod 3139 0x0000000003c31910 code [0x0000000003c31a60, 0x0000000003c31b50]
Event: 8.120 Thread 0x00000000153ee800 3140       3       java.io.ByteArrayInputStream::<init> (26 bytes)
Event: 8.121 Thread 0x00000000153ee800 nmethod 3140 0x0000000003c3c550 code [0x0000000003c3c6c0, 0x0000000003c3c910]
Event: 8.121 Thread 0x00000000153ee800 3141       3       org.jetbrains.kotlin.metadata.ProtoBuf$Package::getDefaultInstanceForType (5 bytes)
Event: 8.121 Thread 0x00000000153ee800 nmethod 3141 0x0000000003c3c110 code [0x0000000003c3c280, 0x0000000003c3c4b0]
Event: 8.122 Thread 0x00000000153ee800 3143       3       org.jetbrains.kotlin.serialization.deserialization.descriptors.DeserializedMemberScope$OptimizedImplementation::<init> (846 bytes)
Event: 8.132 Thread 0x00000000153ee800 nmethod 3143 0x0000000003c4cbd0 code [0x0000000003c4d760, 0x0000000003c56488]
Event: 8.133 Thread 0x00000000153ee800 3145       3       org.jetbrains.kotlin.metadata.ProtoBuf$Package::isInitialized (165 bytes)
Event: 8.134 Thread 0x00000000153ee800 nmethod 3145 0x0000000003c5ea90 code [0x0000000003c5ed40, 0x0000000003c60608]

GC Heap History (10 events):
Event: 2.671 GC heap before
{Heap before GC invocations=4 (full 0):
 PSYoungGen      total 31744K, used 30522K [0x00000000eda00000, 0x00000000f1800000, 0x0000000100000000)
  eden space 29696K, 95% used [0x00000000eda00000,0x00000000ef5d69b8,0x00000000ef700000)
  from space 2048K, 98% used [0x00000000ef700000,0x00000000ef8f8020,0x00000000ef900000)
  to   space 2048K, 0% used [0x00000000f1600000,0x00000000f1600000,0x00000000f1800000)
 ParOldGen       total 38400K, used 10838K [0x00000000c8e00000, 0x00000000cb380000, 0x00000000eda00000)
  object space 38400K, 28% used [0x00000000c8e00000,0x00000000c9895898,0x00000000cb380000)
 Metaspace       used 20663K, capacity 21110K, committed 21248K, reserved 1069056K
  class space    used 2358K, capacity 2509K, committed 2560K, reserved 1048576K
Event: 2.699 GC heap after
Heap after GC invocations=4 (full 0):
 PSYoungGen      total 61440K, used 2032K [0x00000000eda00000, 0x00000000f1800000, 0x0000000100000000)
  eden space 59392K, 0% used [0x00000000eda00000,0x00000000eda00000,0x00000000f1400000)
  from space 2048K, 99% used [0x00000000f1600000,0x00000000f17fc050,0x00000000f1800000)
  to   space 2048K, 0% used [0x00000000f1400000,0x00000000f1400000,0x00000000f1600000)
 ParOldGen       total 38400K, used 22273K [0x00000000c8e00000, 0x00000000cb380000, 0x00000000eda00000)
  object space 38400K, 58% used [0x00000000c8e00000,0x00000000ca3c0518,0x00000000cb380000)
 Metaspace       used 20663K, capacity 21110K, committed 21248K, reserved 1069056K
  class space    used 2358K, capacity 2509K, committed 2560K, reserved 1048576K
}
Event: 2.699 GC heap before
{Heap before GC invocations=5 (full 1):
 PSYoungGen      total 61440K, used 2032K [0x00000000eda00000, 0x00000000f1800000, 0x0000000100000000)
  eden space 59392K, 0% used [0x00000000eda00000,0x00000000eda00000,0x00000000f1400000)
  from space 2048K, 99% used [0x00000000f1600000,0x00000000f17fc050,0x00000000f1800000)
  to   space 2048K, 0% used [0x00000000f1400000,0x00000000f1400000,0x00000000f1600000)
 ParOldGen       total 38400K, used 22273K [0x00000000c8e00000, 0x00000000cb380000, 0x00000000eda00000)
  object space 38400K, 58% used [0x00000000c8e00000,0x00000000ca3c0518,0x00000000cb380000)
 Metaspace       used 20663K, capacity 21110K, committed 21248K, reserved 1069056K
  class space    used 2358K, capacity 2509K, committed 2560K, reserved 1048576K
Event: 2.793 GC heap after
Heap after GC invocations=5 (full 1):
 PSYoungGen      total 61440K, used 0K [0x00000000eda00000, 0x00000000f1800000, 0x0000000100000000)
  eden space 59392K, 0% used [0x00000000eda00000,0x00000000eda00000,0x00000000f1400000)
  from space 2048K, 0% used [0x00000000f1600000,0x00000000f1600000,0x00000000f1800000)
  to   space 2048K, 0% used [0x00000000f1400000,0x00000000f1400000,0x00000000f1600000)
 ParOldGen       total 56832K, used 19103K [0x00000000c8e00000, 0x00000000cc580000, 0x00000000eda00000)
  object space 56832K, 33% used [0x00000000c8e00000,0x00000000ca0a7fa0,0x00000000cc580000)
 Metaspace       used 20663K, capacity 21110K, committed 21248K, reserved 1069056K
  class space    used 2358K, capacity 2509K, committed 2560K, reserved 1048576K
}
Event: 4.816 GC heap before
{Heap before GC invocations=6 (full 1):
 PSYoungGen      total 61440K, used 59392K [0x00000000eda00000, 0x00000000f1800000, 0x0000000100000000)
  eden space 59392K, 100% used [0x00000000eda00000,0x00000000f1400000,0x00000000f1400000)
  from space 2048K, 0% used [0x00000000f1600000,0x00000000f1600000,0x00000000f1800000)
  to   space 2048K, 0% used [0x00000000f1400000,0x00000000f1400000,0x00000000f1600000)
 ParOldGen       total 56832K, used 19103K [0x00000000c8e00000, 0x00000000cc580000, 0x00000000eda00000)
  object space 56832K, 33% used [0x00000000c8e00000,0x00000000ca0a7fa0,0x00000000cc580000)
 Metaspace       used 29495K, capacity 30048K, committed 30336K, reserved 1075200K
  class space    used 3731K, capacity 3900K, committed 3968K, reserved 1048576K
Event: 4.842 GC heap after
Heap after GC invocations=6 (full 1):
 PSYoungGen      total 61440K, used 2019K [0x00000000eda00000, 0x00000000f4c00000, 0x0000000100000000)
  eden space 59392K, 0% used [0x00000000eda00000,0x00000000eda00000,0x00000000f1400000)
  from space 2048K, 98% used [0x00000000f1400000,0x00000000f15f8c70,0x00000000f1600000)
  to   space 18432K, 0% used [0x00000000f3a00000,0x00000000f3a00000,0x00000000f4c00000)
 ParOldGen       total 56832K, used 31460K [0x00000000c8e00000, 0x00000000cc580000, 0x00000000eda00000)
  object space 56832K, 55% used [0x00000000c8e00000,0x00000000cacb9150,0x00000000cc580000)
 Metaspace       used 29495K, capacity 30048K, committed 30336K, reserved 1075200K
  class space    used 3731K, capacity 3900K, committed 3968K, reserved 1048576K
}
Event: 5.892 GC heap before
{Heap before GC invocations=7 (full 1):
 PSYoungGen      total 61440K, used 32506K [0x00000000eda00000, 0x00000000f4c00000, 0x0000000100000000)
  eden space 59392K, 51% used [0x00000000eda00000,0x00000000ef7c5f60,0x00000000f1400000)
  from space 2048K, 98% used [0x00000000f1400000,0x00000000f15f8c70,0x00000000f1600000)
  to   space 18432K, 0% used [0x00000000f3a00000,0x00000000f3a00000,0x00000000f4c00000)
 ParOldGen       total 56832K, used 31460K [0x00000000c8e00000, 0x00000000cc580000, 0x00000000eda00000)
  object space 56832K, 55% used [0x00000000c8e00000,0x00000000cacb9150,0x00000000cc580000)
 Metaspace       used 34578K, capacity 35131K, committed 35416K, reserved 1081344K
  class space    used 4363K, capacity 4544K, committed 4608K, reserved 1048576K
Event: 5.917 GC heap after
Heap after GC invocations=7 (full 1):
 PSYoungGen      total 98304K, used 10147K [0x00000000eda00000, 0x00000000f4b00000, 0x0000000100000000)
  eden space 80896K, 0% used [0x00000000eda00000,0x00000000eda00000,0x00000000f2900000)
  from space 17408K, 58% used [0x00000000f3a00000,0x00000000f43e8fb0,0x00000000f4b00000)
  to   space 17408K, 0% used [0x00000000f2900000,0x00000000f2900000,0x00000000f3a00000)
 ParOldGen       total 56832K, used 31468K [0x00000000c8e00000, 0x00000000cc580000, 0x00000000eda00000)
  object space 56832K, 55% used [0x00000000c8e00000,0x00000000cacbb150,0x00000000cc580000)
 Metaspace       used 34578K, capacity 35131K, committed 35416K, reserved 1081344K
  class space    used 4363K, capacity 4544K, committed 4608K, reserved 1048576K
}
Event: 5.918 GC heap before
{Heap before GC invocations=8 (full 2):
 PSYoungGen      total 98304K, used 10147K [0x00000000eda00000, 0x00000000f4b00000, 0x0000000100000000)
  eden space 80896K, 0% used [0x00000000eda00000,0x00000000eda00000,0x00000000f2900000)
  from space 17408K, 58% used [0x00000000f3a00000,0x00000000f43e8fb0,0x00000000f4b00000)
  to   space 17408K, 0% used [0x00000000f2900000,0x00000000f2900000,0x00000000f3a00000)
 ParOldGen       total 56832K, used 31468K [0x00000000c8e00000, 0x00000000cc580000, 0x00000000eda00000)
  object space 56832K, 55% used [0x00000000c8e00000,0x00000000cacbb150,0x00000000cc580000)
 Metaspace       used 34578K, capacity 35131K, committed 35416K, reserved 1081344K
  class space    used 4363K, capacity 4544K, committed 4608K, reserved 1048576K
Event: 6.148 GC heap after
Heap after GC invocations=8 (full 2):
 PSYoungGen      total 98304K, used 0K [0x00000000eda00000, 0x00000000f4b00000, 0x0000000100000000)
  eden space 80896K, 0% used [0x00000000eda00000,0x00000000eda00000,0x00000000f2900000)
  from space 17408K, 0% used [0x00000000f3a00000,0x00000000f3a00000,0x00000000f4b00000)
  to   space 17408K, 0% used [0x00000000f2900000,0x00000000f2900000,0x00000000f3a00000)
 ParOldGen       total 85504K, used 26231K [0x00000000c8e00000, 0x00000000ce180000, 0x00000000eda00000)
  object space 85504K, 30% used [0x00000000c8e00000,0x00000000ca79de68,0x00000000ce180000)
 Metaspace       used 34578K, capacity 35131K, committed 35416K, reserved 1081344K
  class space    used 4363K, capacity 4544K, committed 4608K, reserved 1048576K
}

Deoptimization events (10 events):
Event: 4.787 Thread 0x00000000030ee000 Uncommon trap: reason=unstable_if action=reinterpret pc=0x0000000003767b80 method=org.jetbrains.kotlin.com.intellij.util.SmartList.get(I)Ljava/lang/Object; @ 13
Event: 4.903 Thread 0x00000000030ee000 Uncommon trap: reason=unstable_if action=reinterpret pc=0x00000000038a5b38 method=java.lang.reflect.Method.equals(Ljava/lang/Object;)Z @ 49
Event: 5.886 Thread 0x00000000030ee000 Uncommon trap: reason=unstable_if action=reinterpret pc=0x00000000033dc2c4 method=sun.nio.cs.UTF_8$Encoder.encode([CII[B)I @ 33
Event: 5.886 Thread 0x00000000030ee000 Uncommon trap: reason=unstable_if action=reinterpret pc=0x00000000034552b8 method=sun.nio.cs.UTF_8$Decoder.decode([BII[C)I @ 30
Event: 5.886 Thread 0x00000000030ee000 Uncommon trap: reason=unstable_if action=reinterpret pc=0x0000000003459fc8 method=sun.net.www.ParseUtil.encodePath(Ljava/lang/String;Z)Ljava/lang/String; @ 81
Event: 6.587 Thread 0x00000000030ee000 Uncommon trap: reason=bimorphic action=maybe_recompile pc=0x000000000381e1e8 method=org.jetbrains.kotlin.protobuf.CodedInputStream.tryRefillBuffer(I)Z @ 177
Event: 6.592 Thread 0x00000000030ee000 Uncommon trap: reason=bimorphic action=maybe_recompile pc=0x000000000381e1e8 method=org.jetbrains.kotlin.protobuf.CodedInputStream.tryRefillBuffer(I)Z @ 177
Event: 6.677 Thread 0x00000000030ee000 Uncommon trap: reason=bimorphic action=maybe_recompile pc=0x000000000381e1e8 method=org.jetbrains.kotlin.protobuf.CodedInputStream.tryRefillBuffer(I)Z @ 177
Event: 6.679 Thread 0x00000000030ee000 Uncommon trap: reason=bimorphic action=maybe_recompile pc=0x000000000381e1e8 method=org.jetbrains.kotlin.protobuf.CodedInputStream.tryRefillBuffer(I)Z @ 177
Event: 7.689 Thread 0x00000000030ee000 Uncommon trap: reason=unstable_if action=reinterpret pc=0x0000000003a50028 method=java.lang.AbstractStringBuilder.append(Ljava/lang/CharSequence;)Ljava/lang/AbstractStringBuilder; @ 29

Classes redefined (0 events):
No events

Internal exceptions (10 events):
Event: 2.164 Thread 0x00000000030ee000 Exception <a 'java/lang/NoSuchMethodError': java.lang.Object.lambda$static$0()J> (0x00000000ee462288) thrown at [C:\src\AOSP-openjdk-git\hotspot\src\share\vm\interpreter\linkResolver.cpp, line 620]
Event: 2.601 Thread 0x00000000030ee000 Exception <a 'java/lang/NoSuchMethodError': java.lang.Object.lambda$static$0(I)[Lorg/jetbrains/kotlin/com/intellij/openapi/editor/event/DocumentListener;> (0x00000000ef33e298) thrown at [C:\src\AOSP-openjdk-git\hotspot\src\share\vm\interpreter\linkResolve
Event: 2.795 Thread 0x00000000030ee000 Exception <a 'java/lang/NoSuchMethodError': java.lang.Object.lambda$static$0(I)[Lorg/jetbrains/kotlin/com/intellij/psi/PsiAnnotation;> (0x00000000eda008d0) thrown at [C:\src\AOSP-openjdk-git\hotspot\src\share\vm\interpreter\linkResolver.cpp, line 620]
Event: 2.936 Thread 0x00000000030ee000 Exception <a 'java/lang/NoSuchMethodError': java.lang.Object.lambda$static$0(I)[Lorg/jetbrains/kotlin/com/intellij/psi/PsiElement;> (0x00000000edff9800) thrown at [C:\src\AOSP-openjdk-git\hotspot\src\share\vm\interpreter\linkResolver.cpp, line 620]
Event: 4.784 Thread 0x00000000030ee000 Exception <a 'java/lang/ArrayIndexOutOfBoundsException': 126> (0x00000000f1286b98) thrown at [C:\src\AOSP-openjdk-git\hotspot\src\share\vm\interpreter\interpreterRuntime.cpp, line 368]
Event: 4.785 Thread 0x00000000030ee000 Exception <a 'java/lang/ArrayIndexOutOfBoundsException': 86> (0x00000000f1288020) thrown at [C:\src\AOSP-openjdk-git\hotspot\src\share\vm\interpreter\interpreterRuntime.cpp, line 368]
Event: 6.357 Thread 0x00000000030ee000 Exception <a 'java/lang/NoSuchMethodError': java.lang.Object.lambda$static$0(I)[Lorg/jetbrains/kotlin/psi/KtExpression;> (0x00000000edd93748) thrown at [C:\src\AOSP-openjdk-git\hotspot\src\share\vm\interpreter\linkResolver.cpp, line 620]
Event: 6.487 Thread 0x00000000030ee000 Exception <a 'java/lang/NoSuchMethodError': java.lang.Object.lambda$static$0(I)[Lorg/jetbrains/kotlin/psi/KtDeclaration;> (0x00000000ee0b9048) thrown at [C:\src\AOSP-openjdk-git\hotspot\src\share\vm\interpreter\linkResolver.cpp, line 620]
Event: 6.757 Thread 0x00000000030ee000 Exception <a 'java/lang/NoSuchMethodError': java.lang.Object.lambda$static$0(I)[Lorg/jetbrains/kotlin/psi/KtTypeElement;> (0x00000000ee998480) thrown at [C:\src\AOSP-openjdk-git\hotspot\src\share\vm\interpreter\linkResolver.cpp, line 620]
Event: 7.714 Thread 0x00000000030ee000 Exception <a 'java/lang/NoSuchMethodError': java.lang.Object.lambda$static$0(I)[Lorg/jetbrains/kotlin/com/intellij/psi/PsiClass;> (0x00000000f09ae6f8) thrown at [C:\src\AOSP-openjdk-git\hotspot\src\share\vm\interpreter\linkResolver.cpp, line 620]

Events (10 events):
Event: 7.806 loading class org/jetbrains/kotlin/resolve/SinceKotlinAccessibility$NotAccessible
Event: 7.806 loading class org/jetbrains/kotlin/resolve/SinceKotlinAccessibility$NotAccessible done
Event: 7.806 loading class org/jetbrains/kotlin/resolve/SinceKotlinAccessibility$NotAccessibleButWasExperimental
Event: 7.806 loading class org/jetbrains/kotlin/resolve/SinceKotlinAccessibility$NotAccessibleButWasExperimental done
Event: 7.807 loading class org/jetbrains/kotlin/resolve/deprecation/DeprecationResolver$getDeprecationByVersionRequirement$1
Event: 7.807 loading class org/jetbrains/kotlin/resolve/deprecation/DeprecationResolver$getDeprecationByVersionRequirement$1 done
Event: 7.807 loading class org/jetbrains/kotlin/resolve/deprecation/DeprecationResolver$deprecationsByConstituentTypes$$inlined$also$lambda$1
Event: 7.807 loading class org/jetbrains/kotlin/resolve/deprecation/DeprecationResolver$deprecationsByConstituentTypes$$inlined$also$lambda$1 done
Event: 7.846 Thread 0x00000000030ee000 DEOPT PACKING pc=0x0000000003b39285 sp=0x000000000301c790
Event: 7.846 Thread 0x00000000030ee000 DEOPT UNPACKING pc=0x00000000032371d0 sp=0x000000000301c510 mode 0


Dynamic libraries:
0x00007ff78dbc0000 - 0x00007ff78dbf1000 	C:\Program Files\Android\Android Studio\jre\jre\bin\java.exe
0x00007fffbfed0000 - 0x00007fffc00c5000 	C:\WINDOWS\SYSTEM32\ntdll.dll
0x00007fffbf010000 - 0x00007fffbf0cd000 	C:\WINDOWS\System32\KERNEL32.DLL
0x00007fffbd730000 - 0x00007fffbd9f9000 	C:\WINDOWS\System32\KERNELBASE.dll
0x00007fffbfb10000 - 0x00007fffbfbbc000 	C:\WINDOWS\System32\ADVAPI32.dll
0x00007fffbfdf0000 - 0x00007fffbfe8e000 	C:\WINDOWS\System32\msvcrt.dll
0x00007fffbfc20000 - 0x00007fffbfcbc000 	C:\WINDOWS\System32\sechost.dll
0x00007fffbeac0000 - 0x00007fffbebeb000 	C:\WINDOWS\System32\RPCRT4.dll
0x00007fffbf500000 - 0x00007fffbf6a0000 	C:\WINDOWS\System32\USER32.dll
0x00007fffbda60000 - 0x00007fffbda82000 	C:\WINDOWS\System32\win32u.dll
0x00007fffbeda0000 - 0x00007fffbedca000 	C:\WINDOWS\System32\GDI32.dll
0x00007fffbde20000 - 0x00007fffbdf2b000 	C:\WINDOWS\System32\gdi32full.dll
0x00007fffbd610000 - 0x00007fffbd6ad000 	C:\WINDOWS\System32\msvcp_win.dll
0x00007fffbdbc0000 - 0x00007fffbdcc0000 	C:\WINDOWS\System32\ucrtbase.dll
0x00007fffaa140000 - 0x00007fffaa3da000 	C:\WINDOWS\WinSxS\amd64_microsoft.windows.common-controls_6595b64144ccf1df_6.0.19041.844_none_ca00b6081b84eb1d\COMCTL32.dll
0x00007fffbeea0000 - 0x00007fffbeed0000 	C:\WINDOWS\System32\IMM32.DLL
0x000000006b310000 - 0x000000006b3e2000 	C:\Program Files\Android\Android Studio\jre\jre\bin\msvcr100.dll
0x000000006d340000 - 0x000000006db8b000 	C:\Program Files\Android\Android Studio\jre\jre\bin\server\jvm.dll
0x00007fffbeed0000 - 0x00007fffbeed8000 	C:\WINDOWS\System32\PSAPI.DLL
0x00007fffb4da0000 - 0x00007fffb4daa000 	C:\WINDOWS\SYSTEM32\VERSION.dll
0x00007fffb79b0000 - 0x00007fffb79b9000 	C:\WINDOWS\SYSTEM32\WSOCK32.dll
0x00007fffb4d70000 - 0x00007fffb4d97000 	C:\WINDOWS\SYSTEM32\WINMM.dll
0x00007fffbf0d0000 - 0x00007fffbf13b000 	C:\WINDOWS\System32\WS2_32.dll
0x00007fffb79a0000 - 0x00007fffb79af000 	C:\Program Files\Android\Android Studio\jre\jre\bin\verify.dll
0x00007fffa1ff0000 - 0x00007fffa2019000 	C:\Program Files\Android\Android Studio\jre\jre\bin\java.dll
0x00007fffb6480000 - 0x00007fffb6496000 	C:\Program Files\Android\Android Studio\jre\jre\bin\zip.dll
0x00007fffbe370000 - 0x00007fffbeab2000 	C:\WINDOWS\System32\SHELL32.dll
0x00007fffbb490000 - 0x00007fffbbc20000 	C:\WINDOWS\SYSTEM32\windows.storage.dll
0x00007fffbf1a0000 - 0x00007fffbf4f5000 	C:\WINDOWS\System32\combase.dll
0x00007fffbcfb0000 - 0x00007fffbcfdc000 	C:\WINDOWS\SYSTEM32\Wldp.dll
0x00007fffbedf0000 - 0x00007fffbee9e000 	C:\WINDOWS\System32\SHCORE.dll
0x00007fffbe160000 - 0x00007fffbe1b5000 	C:\WINDOWS\System32\shlwapi.dll
0x00007fffbd550000 - 0x00007fffbd56f000 	C:\WINDOWS\SYSTEM32\profapi.dll
0x00007fffb60a0000 - 0x00007fffb60ba000 	C:\Program Files\Android\Android Studio\jre\jre\bin\net.dll
0x00007fffbcd30000 - 0x00007fffbcd9a000 	C:\WINDOWS\system32\mswsock.dll
0x00007fffa6a40000 - 0x00007fffa6a53000 	C:\Program Files\Android\Android Studio\jre\jre\bin\nio.dll

VM Arguments:
java_command: org.jetbrains.kotlin.cli.jvm.K2JVMCompiler @C:\Users\chaja\AndroidStudioProjects\QuizAppgames\app\build\20210404_2438535744022286094.compiler.options
java_class_path (initial): C:\Users\chaja\.gradle\caches\modules-2\files-2.1\org.jetbrains.kotlin\kotlin-compiler-embeddable\1.4.21\87db94500aaf883536ae8c8efdee76bdc839d582\kotlin-compiler-embeddable-1.4.21.jar;C:\Users\chaja\.gradle\caches\modules-2\files-2.1\org.jetbrains.kotlin\kotlin-reflect\1.4.21\748f681f4e3edbe9285ff46710c79049c70f4dfa\kotlin-reflect-1.4.21.jar;C:\Users\chaja\.gradle\caches\modules-2\files-2.1\org.jetbrains.kotlin\kotlin-stdlib\1.4.21\4a668382d7c38688d3490afde93b6a113ed46698\kotlin-stdlib-1.4.21.jar;C:\Users\chaja\.gradle\caches\modules-2\files-2.1\org.jetbrains.kotlin\kotlin-script-runtime\1.4.21\1247decba314790165b4fe94d09c45b09db6b07f\kotlin-script-runtime-1.4.21.jar;C:\Users\chaja\.gradle\caches\modules-2\files-2.1\org.jetbrains.kotlin\kotlin-daemon-embeddable\1.4.21\bc95bcebdc871d45d9852b0c01abe9bec373bb52\kotlin-daemon-embeddable-1.4.21.jar;C:\Users\chaja\.gradle\caches\modules-2\files-2.1\org.jetbrains.intellij.deps\trove4j\1.0.20181211\216c2e14b070f334479d800987affe4054cd563f\trove4j-1.0.20181211.jar;C:\Users\chaja\.gradle\caches\modules-2\files-2.1\org.jetbrains.kotlin\kotlin-stdlib-common\1.4.21\7f48a062aa4b53215998780f7c245a4276828e1d\kotlin-stdlib-common-1.4.21.jar;C:\Users\chaja\.gradle\caches\modules-2\files-2.1\org.jetbrains\annotations\13.0\919f0dfe192fb4e063e7dacadee7f8bb9a2672a9\annotations-13.0.jar;C:\Program Files\Android\Android Studio\jre\lib\tools.jar
Launcher Type: SUN_STANDARD

Environment Variables:
PATH=C:\Program Files\Common Files\Oracle\Java\javapath;C:\WINDOWS\system32;C:\WINDOWS;C:\WINDOWS\System32\Wbem;C:\WINDOWS\System32\WindowsPowerShell\v1.0\;C:\WINDOWS\System32\OpenSSH\;C:\Users\chaja\AppData\Local\Microsoft\WindowsApps;C:\Users\chaja\AppData\Local\Programs\Microsoft VS Code\bin;C:\Users\chaja\AppData\Local\GitHubDesktop\bin
USERNAME=bewwari
OS=Windows_NT
PROCESSOR_IDENTIFIER=AMD64 Family 23 Model 24 Stepping 1, AuthenticAMD



---------------  S Y S T E M  ---------------

OS: Windows 10.0 , 64 bit Build 19041 (10.0.19041.804)

CPU:total 4 (initial active 4) (4 cores per cpu, 1 threads per core) family 23 model 24 stepping 1, cmov, cx8, fxsr, mmx, sse, sse2, sse3, ssse3, sse4.1, sse4.2, popcnt, avx, avx2, aes, clmul, mmxext, 3dnowpref, lzcnt, sse4a, tsc, tscinvbit, tscinv, bmi1

Memory: 4k page, physical 3605516k(15420k free), swap 14615564k(2444k free)

vm_info: OpenJDK 64-Bit Server VM (25.242-b01) for windows-amd64 JRE (1.8.0_242-release-1644-b01), built by "builder" with MS VC++ 10.0 (VS2010)

time: Sun Apr 04 16:09:28 2021
timezone: เวลามาตรฐานเอเชียอาคเนย์
elapsed time: 8 seconds (0d 0h 0m 8s)

